<?xml version="1.0" encoding="UTF-8"?>
<!-- Generated by org.testng.reporters.JUnitReportReporter -->
<testsuite hostname="DESKTOP-R3MPQ3E" failures="0" tests="1" name="Pokerbazi.TC_01DepositLimit" time="16.686" errors="0" timestamp="20 Feb 2022 04:20:06 GMT" skipped="0">
  <testcase classname="Pokerbazi.TC_01DepositLimit" name="DepositLimit" time="16.686"/>
</testsuite> <!-- Pokerbazi.TC_01DepositLimit -->
