<?xml version="1.0" encoding="UTF-8"?>
<!-- Generated by org.testng.reporters.JUnitReportReporter -->
<testsuite hostname="DESKTOP-R3MPQ3E" failures="0" tests="1" name="Pokerbazi.TBD019" time="25.109" errors="0" timestamp="2022-02-24T16:34:46 IST" skipped="0">
  <testcase classname="Pokerbazi.TBD019" name="PokerBaazi" time="25.109"/>
  <system-out/>
</testsuite> <!-- Pokerbazi.TBD019 -->
