<?xml version="1.0" encoding="UTF-8"?>
<!-- Generated by org.testng.reporters.JUnitReportReporter -->
<testsuite hostname="DESKTOP-R3MPQ3E" failures="0" tests="1" name="Pokerbazi.TBD018" time="18.164" errors="0" timestamp="2022-02-24T17:29:00 IST" skipped="0">
  <testcase classname="Pokerbazi.TBD018" name="DepositLimit" time="18.164"/>
  <system-out/>
</testsuite> <!-- Pokerbazi.TBD018 -->
