<?xml version="1.0" encoding="UTF-8"?>
<!-- Generated by org.testng.reporters.JUnitReportReporter -->
<testsuite hostname="DESKTOP-R3MPQ3E" failures="0" tests="1" name="Pokerbazi.TBD005" time="30.178" errors="0" timestamp="2022-02-24T17:29:00 IST" skipped="0">
  <testcase classname="Pokerbazi.TBD005" name="tbd005" time="30.178"/>
  <system-out/>
</testsuite> <!-- Pokerbazi.TBD005 -->
