<?xml version="1.0" encoding="UTF-8"?>
<!-- Generated by org.testng.reporters.JUnitReportReporter -->
<testsuite hostname="DESKTOP-R3MPQ3E" failures="0" tests="1" name="Pokerbazi.TC_02PokerBaazi" time="23.249" errors="0" timestamp="20 Feb 2022 04:50:16 GMT" skipped="0">
  <testcase classname="Pokerbazi.TC_02PokerBaazi" name="PokerBaazi" time="23.249"/>
</testsuite> <!-- Pokerbazi.TC_02PokerBaazi -->
