<?xml version="1.0" encoding="UTF-8"?>
<!-- Generated by org.testng.reporters.JUnitReportReporter -->
<testsuite hostname="DESKTOP-R3MPQ3E" failures="0" tests="1" name="Test_Script_Pokerbaazi.TC_O1PokerBaazi" time="12.993" errors="0" timestamp="2022-02-20T09:45:08 IST" skipped="0">
  <testcase classname="Test_Script_Pokerbaazi.TC_O1PokerBaazi" name="PokerBaazi" time="12.993"/>
  <system-out/>
</testsuite> <!-- Test_Script_Pokerbaazi.TC_O1PokerBaazi -->
