<?xml version="1.0" encoding="UTF-8"?>
<!-- Generated by org.testng.reporters.JUnitReportReporter -->
<testsuite hostname="DESKTOP-R3MPQ3E" failures="0" tests="1" name="Test_Script_Pokerbaazi.TC_02Pokerbaazi" time="31.341" errors="0" timestamp="2022-02-16T19:37:25 IST" skipped="0">
  <testcase classname="Test_Script_Pokerbaazi.TC_02Pokerbaazi" name="PokerBaazi" time="31.341"/>
  <system-out/>
</testsuite> <!-- Test_Script_Pokerbaazi.TC_02Pokerbaazi -->
